# JRE version: OpenJDK Runtime Environment (7.0_79-b14) (build 1.7.0_79-b14)
# Java VM: OpenJDK Server VM (24.79-b02 mixed mode linux-x86 )
Heap
 PSYoungGen      total 441600K, used 46122K [0x88800000, 0xb32c0000, 0xb32c0000)
  eden space 255232K, 0% used [0x88800000,0x88800000,0x98140000)
  from space 186368K, 24% used [0xa7cc0000,0xaa9ca8b8,0xb32c0000)
  to   space 221952K, 0% used [0x98140000,0x98140000,0xa5a00000)
 ParOldGen       total 878336K, used 878271K [0x332c0000, 0x68c80000, 0x88800000)
  object space 878336K, 99% used [0x332c0000,0x68c6ff20,0x68c80000)
 PSPermGen       total 16384K, used 4495K [0x2b2c0000, 0x2c2c0000, 0x332c0000)
  object space 16384K, 27% used [0x2b2c0000,0x2b723df8,0x2c2c0000)
GC Heap History (10 events):
Event: 31.318 GC heap after
Heap after GC invocations=33 (full 7):
 PSYoungGen      total 487936K, used 113354K [0x88800000, 0xb32c0000, 0xb32c0000)
  eden space 353024K, 0% used [0x88800000,0x88800000,0x9e0c0000)
  from space 134912K, 84% used [0xaaf00000,0xb1db2b98,0xb32c0000)
  to   space 173056K, 0% used [0x9e0c0000,0x9e0c0000,0xa89c0000)
 ParOldGen       total 878336K, used 741096K [0x332c0000, 0x68c80000, 0x88800000)
  object space 878336K, 84% used [0x332c0000,0x6067a170,0x68c80000)
 PSPermGen       total 16384K, used 4355K [0x2b2c0000, 0x2c2c0000, 0x332c0000)
  object space 16384K, 26% used [0x2b2c0000,0x2b700e20,0x2c2c0000)
}
Event: 31.839 GC heap before
{Heap before GC invocations=34 (full 7):
 PSYoungGen      total 487936K, used 466378K [0x88800000, 0xb32c0000, 0xb32c0000)
  eden space 353024K, 100% used [0x88800000,0x9e0c0000,0x9e0c0000)
  from space 134912K, 84% used [0xaaf00000,0xb1db2b98,0xb32c0000)
  to   space 173056K, 0% used [0x9e0c0000,0x9e0c0000,0xa89c0000)
 ParOldGen       total 878336K, used 741096K [0x332c0000, 0x68c80000, 0x88800000)
  object space 878336K, 84% used [0x332c0000,0x6067a170,0x68c80000)
 PSPermGen       total 16384K, used 4357K [0x2b2c0000, 0x2c2c0000, 0x332c0000)
  object space 16384K, 26% used [0x2b2c0000,0x2b701548,0x2c2c0000)
Event: 31.953 GC heap after
Heap after GC invocations=34 (full 7):
 PSYoungGen      total 526080K, used 94340K [0x88800000, 0xb32c0000, 0xb32c0000)
  eden space 353024K, 0% used [0x88800000,0x88800000,0x9e0c0000)
  from space 173056K, 54% used [0x9e0c0000,0xa3ce13f8,0xa89c0000)
  to   space 170240K, 0% used [0xa8c80000,0xa8c80000,0xb32c0000)
 ParOldGen       total 878336K, used 741096K [0x332c0000, 0x68c80000, 0x88800000)
  object space 878336K, 84% used [0x332c0000,0x6067a170,0x68c80000)
 PSPermGen       total 16384K, used 4357K [0x2b2c0000, 0x2c2c0000, 0x332c0000)
  object space 16384K, 26% used [0x2b2c0000,0x2b701548,0x2c2c0000)
}
Event: 32.667 GC heap before
{Heap before GC invocations=35 (full 7):
 PSYoungGen      total 526080K, used 447364K [0x88800000, 0xb32c0000, 0xb32c0000)
  eden space 353024K, 100% used [0x88800000,0x9e0c0000,0x9e0c0000)
  from space 173056K, 54% used [0x9e0c0000,0xa3ce13f8,0xa89c0000)
  to   space 170240K, 0% used [0xa8c80000,0xa8c80000,0xb32c0000)
 ParOldGen       total 878336K, used 741096K [0x332c0000, 0x68c80000, 0x88800000)
  object space 878336K, 84% used [0x332c0000,0x6067a170,0x68c80000)
 PSPermGen       total 16384K, used 4416K [0x2b2c0000, 0x2c2c0000, 0x332c0000)
  object space 16384K, 26% used [0x2b2c0000,0x2b710230,0x2c2c0000)
Event: 32.850 GC heap after
Heap after GC invocations=35 (full 7):
 PSYoungGen      total 496640K, used 146520K [0x88800000, 0xb32c0000, 0xb32c0000)
  eden space 326400K, 0% used [0x88800000,0x88800000,0x9c6c0000)
  from space 170240K, 86% used [0xa8c80000,0xb1b96090,0xb32c0000)
  to   space 186368K, 0% used [0x9c6c0000,0x9c6c0000,0xa7cc0000)
 ParOldGen       total 878336K, used 741096K [0x332c0000, 0x68c80000, 0x88800000)
  object space 878336K, 84% used [0x332c0000,0x6067a170,0x68c80000)
 PSPermGen       total 16384K, used 4416K [0x2b2c0000, 0x2c2c0000, 0x332c0000)
  object space 16384K, 26% used [0x2b2c0000,0x2b710230,0x2c2c0000)
}
Event: 33.449 GC heap before
{Heap before GC invocations=36 (full 7):
 PSYoungGen      total 496640K, used 472920K [0x88800000, 0xb32c0000, 0xb32c0000)
  eden space 326400K, 100% used [0x88800000,0x9c6c0000,0x9c6c0000)
  from space 170240K, 86% used [0xa8c80000,0xb1b96090,0xb32c0000)
  to   space 186368K, 0% used [0x9c6c0000,0x9c6c0000,0xa7cc0000)
 ParOldGen       total 878336K, used 741096K [0x332c0000, 0x68c80000, 0x88800000)
  object space 878336K, 84% used [0x332c0000,0x6067a170,0x68c80000)
 PSPermGen       total 16384K, used 4486K [0x2b2c0000, 0x2c2c0000, 0x332c0000)
  object space 16384K, 27% used [0x2b2c0000,0x2b721bf8,0x2c2c0000)
Event: 33.711 GC heap after
Heap after GC invocations=36 (full 7):
 PSYoungGen      total 512768K, used 186357K [0x88800000, 0xb32c0000, 0xb32c0000)
  eden space 326400K, 0% used [0x88800000,0x88800000,0x9c6c0000)
  from space 186368K, 99% used [0x9c6c0000,0xa7cbd6a8,0xa7cc0000)
  to   space 186368K, 0% used [0xa7cc0000,0xa7cc0000,0xb32c0000)
 ParOldGen       total 878336K, used 745609K [0x332c0000, 0x68c80000, 0x88800000)
  object space 878336K, 84% used [0x332c0000,0x60ae2490,0x68c80000)
 PSPermGen       total 16384K, used 4486K [0x2b2c0000, 0x2c2c0000, 0x332c0000)
  object space 16384K, 27% used [0x2b2c0000,0x2b721bf8,0x2c2c0000)
}
Event: 34.268 GC heap before
{Heap before GC invocations=37 (full 7):
 PSYoungGen      total 512768K, used 512757K [0x88800000, 0xb32c0000, 0xb32c0000)
  eden space 326400K, 100% used [0x88800000,0x9c6c0000,0x9c6c0000)
  from space 186368K, 99% used [0x9c6c0000,0xa7cbd6a8,0xa7cc0000)
  to   space 186368K, 0% used [0xa7cc0000,0xa7cc0000,0xb32c0000)
 ParOldGen       total 878336K, used 745609K [0x332c0000, 0x68c80000, 0x88800000)
  object space 878336K, 84% used [0x332c0000,0x60ae2490,0x68c80000)
 PSPermGen       total 16384K, used 4495K [0x2b2c0000, 0x2c2c0000, 0x332c0000)
  object space 16384K, 27% used [0x2b2c0000,0x2b723f38,0x2c2c0000)
Event: 34.619 GC heap after
Heap after GC invocations=37 (full 7):
 PSYoungGen      total 441600K, used 145014K [0x88800000, 0xb32c0000, 0xb32c0000)
  eden space 255232K, 0% used [0x88800000,0x88800000,0x98140000)
  from space 186368K, 77% used [0xa7cc0000,0xb0a5db00,0xb32c0000)
  to   space 221952K, 0% used [0x98140000,0x98140000,0xa5a00000)
 ParOldGen       total 878336K, used 836819K [0x332c0000, 0x68c80000, 0x88800000)
  object space 878336K, 95% used [0x332c0000,0x663f4ec0,0x68c80000)
 PSPermGen       total 16384K, used 4495K [0x2b2c0000, 0x2c2c0000, 0x332c0000)
  object space 16384K, 27% used [0x2b2c0000,0x2b723f38,0x2c2c0000)
}
Event: 34.619 GC heap before
{Heap before GC invocations=38 (full 8):
 PSYoungGen      total 441600K, used 145014K [0x88800000, 0xb32c0000, 0xb32c0000)
  eden space 255232K, 0% used [0x88800000,0x88800000,0x98140000)
  from space 186368K, 77% used [0xa7cc0000,0xb0a5db00,0xb32c0000)
  to   space 221952K, 0% used [0x98140000,0x98140000,0xa5a00000)
 ParOldGen       total 878336K, used 836819K [0x332c0000, 0x68c80000, 0x88800000)
  object space 878336K, 95% used [0x332c0000,0x663f4ec0,0x68c80000)
 PSPermGen       total 16384K, used 4495K [0x2b2c0000, 0x2c2c0000, 0x332c0000)
  object space 16384K, 27% used [0x2b2c0000,0x2b723f38,0x2c2c0000)

