# JRE version: OpenJDK Runtime Environment (7.0_79-b14) (build 1.7.0_79-b14)
# Java VM: OpenJDK Server VM (24.79-b02 mixed mode linux-x86 )
Heap
 PSYoungGen      total 466176K, used 0K [0x888c0000, 0xb3380000, 0xb3380000)
  eden space 233216K, 0% used [0x888c0000,0x888c0000,0x96c80000)
  from space 232960K, 0% used [0x96c80000,0x96c80000,0xa5000000)
  to   space 232960K, 0% used [0xa5000000,0xa5000000,0xb3380000)
 ParOldGen       total 936704K, used 928837K [0x33380000, 0x6c640000, 0x888c0000)
  object space 936704K, 99% used [0x33380000,0x6be91740,0x6c640000)
 PSPermGen       total 16384K, used 4491K [0x2b380000, 0x2c380000, 0x33380000)
  object space 16384K, 27% used [0x2b380000,0x2b7e2f10,0x2c380000)
GC Heap History (10 events):
Event: 27.109 GC heap after
Heap after GC invocations=32 (full 7):
 PSYoungGen      total 424704K, used 133996K [0x888c0000, 0xb3380000, 0xb3380000)
  eden space 290560K, 0% used [0x888c0000,0x888c0000,0x9a480000)
  from space 134144K, 99% used [0x9a480000,0xa275b148,0xa2780000)
  to   space 208640K, 0% used [0xa67c0000,0xa67c0000,0xb3380000)
 ParOldGen       total 936704K, used 784351K [0x33380000, 0x6c640000, 0x888c0000)
  object space 936704K, 83% used [0x33380000,0x63177cb8,0x6c640000)
 PSPermGen       total 16384K, used 4352K [0x2b380000, 0x2c380000, 0x33380000)
  object space 16384K, 26% used [0x2b380000,0x2b7c0140,0x2c380000)
}
Event: 27.727 GC heap before
{Heap before GC invocations=33 (full 7):
 PSYoungGen      total 424704K, used 424556K [0x888c0000, 0xb3380000, 0xb3380000)
  eden space 290560K, 100% used [0x888c0000,0x9a480000,0x9a480000)
  from space 134144K, 99% used [0x9a480000,0xa275b148,0xa2780000)
  to   space 208640K, 0% used [0xa67c0000,0xa67c0000,0xb3380000)
 ParOldGen       total 936704K, used 784351K [0x33380000, 0x6c640000, 0x888c0000)
  object space 936704K, 83% used [0x33380000,0x63177cb8,0x6c640000)
 PSPermGen       total 16384K, used 4412K [0x2b380000, 0x2c380000, 0x33380000)
  object space 16384K, 26% used [0x2b380000,0x2b7cf008,0x2c380000)
Event: 27.969 GC heap after
Heap after GC invocations=33 (full 7):
 PSYoungGen      total 451072K, used 177318K [0x888c0000, 0xb3380000, 0xb3380000)
  eden space 242432K, 0% used [0x888c0000,0x888c0000,0x97580000)
  from space 208640K, 84% used [0xa67c0000,0xb14e9a60,0xb3380000)
  to   space 228352K, 0% used [0x97580000,0x97580000,0xa5480000)
 ParOldGen       total 936704K, used 784351K [0x33380000, 0x6c640000, 0x888c0000)
  object space 936704K, 83% used [0x33380000,0x63177cb8,0x6c640000)
 PSPermGen       total 16384K, used 4412K [0x2b380000, 0x2c380000, 0x33380000)
  object space 16384K, 26% used [0x2b380000,0x2b7cf008,0x2c380000)
}
Event: 28.362 GC heap before
{Heap before GC invocations=34 (full 7):
 PSYoungGen      total 451072K, used 419750K [0x888c0000, 0xb3380000, 0xb3380000)
  eden space 242432K, 100% used [0x888c0000,0x97580000,0x97580000)
  from space 208640K, 84% used [0xa67c0000,0xb14e9a60,0xb3380000)
  to   space 228352K, 0% used [0x97580000,0x97580000,0xa5480000)
 ParOldGen       total 936704K, used 784351K [0x33380000, 0x6c640000, 0x888c0000)
  object space 936704K, 83% used [0x33380000,0x63177cb8,0x6c640000)
 PSPermGen       total 16384K, used 4413K [0x2b380000, 0x2c380000, 0x33380000)
  object space 16384K, 26% used [0x2b380000,0x2b7cf718,0x2c380000)
Event: 28.632 GC heap after
Heap after GC invocations=34 (full 7):
 PSYoungGen      total 451584K, used 209056K [0x888c0000, 0xb3380000, 0xb3380000)
  eden space 242432K, 0% used [0x888c0000,0x888c0000,0x97580000)
  from space 209152K, 99% used [0x97580000,0xa41a8020,0xa41c0000)
  to   space 232960K, 0% used [0xa5000000,0xa5000000,0xb3380000)
 ParOldGen       total 936704K, used 784351K [0x33380000, 0x6c640000, 0x888c0000)
  object space 936704K, 83% used [0x33380000,0x63177cb8,0x6c640000)
 PSPermGen       total 16384K, used 4413K [0x2b380000, 0x2c380000, 0x33380000)
  object space 16384K, 26% used [0x2b380000,0x2b7cf718,0x2c380000)
}
Event: 29.092 GC heap before
{Heap before GC invocations=35 (full 7):
 PSYoungGen      total 451584K, used 451488K [0x888c0000, 0xb3380000, 0xb3380000)
  eden space 242432K, 100% used [0x888c0000,0x97580000,0x97580000)
  from space 209152K, 99% used [0x97580000,0xa41a8020,0xa41c0000)
  to   space 232960K, 0% used [0xa5000000,0xa5000000,0xb3380000)
 ParOldGen       total 936704K, used 784351K [0x33380000, 0x6c640000, 0x888c0000)
  object space 936704K, 83% used [0x33380000,0x63177cb8,0x6c640000)
 PSPermGen       total 16384K, used 4483K [0x2b380000, 0x2c380000, 0x33380000)
  object space 16384K, 27% used [0x2b380000,0x2b7e0d00,0x2c380000)
Event: 29.450 GC heap after
Heap after GC invocations=35 (full 7):
 PSYoungGen      total 466176K, used 192803K [0x888c0000, 0xb3380000, 0xb3380000)
  eden space 233216K, 0% used [0x888c0000,0x888c0000,0x96c80000)
  from space 232960K, 82% used [0xa5000000,0xb0c48d98,0xb3380000)
  to   space 232960K, 0% used [0x96c80000,0x96c80000,0xa5000000)
 ParOldGen       total 936704K, used 835106K [0x33380000, 0x6c640000, 0x888c0000)
  object space 936704K, 89% used [0x33380000,0x66308b30,0x6c640000)
 PSPermGen       total 16384K, used 4483K [0x2b380000, 0x2c380000, 0x33380000)
  object space 16384K, 27% used [0x2b380000,0x2b7e0d00,0x2c380000)
}
Event: 29.945 GC heap before
{Heap before GC invocations=36 (full 7):
 PSYoungGen      total 466176K, used 426019K [0x888c0000, 0xb3380000, 0xb3380000)
  eden space 233216K, 100% used [0x888c0000,0x96c80000,0x96c80000)
  from space 232960K, 82% used [0xa5000000,0xb0c48d98,0xb3380000)
  to   space 232960K, 0% used [0x96c80000,0x96c80000,0xa5000000)
 ParOldGen       total 936704K, used 835106K [0x33380000, 0x6c640000, 0x888c0000)
  object space 936704K, 89% used [0x33380000,0x66308b30,0x6c640000)
 PSPermGen       total 16384K, used 4492K [0x2b380000, 0x2c380000, 0x33380000)
  object space 16384K, 27% used [0x2b380000,0x2b7e3050,0x2c380000)
Event: 30.291 GC heap after
Heap after GC invocations=36 (full 7):
 PSYoungGen      total 466176K, used 147964K [0x888c0000, 0xb3380000, 0xb3380000)
  eden space 233216K, 0% used [0x888c0000,0x888c0000,0x96c80000)
  from space 232960K, 63% used [0x96c80000,0x9fcff108,0xa5000000)
  to   space 232960K, 0% used [0xa5000000,0xa5000000,0xb3380000)
 ParOldGen       total 936704K, used 915528K [0x33380000, 0x6c640000, 0x888c0000)
  object space 936704K, 97% used [0x33380000,0x6b1920f0,0x6c640000)
 PSPermGen       total 16384K, used 4492K [0x2b380000, 0x2c380000, 0x33380000)
  object space 16384K, 27% used [0x2b380000,0x2b7e3050,0x2c380000)
}
Event: 30.291 GC heap before
{Heap before GC invocations=37 (full 8):
 PSYoungGen      total 466176K, used 147964K [0x888c0000, 0xb3380000, 0xb3380000)
  eden space 233216K, 0% used [0x888c0000,0x888c0000,0x96c80000)
  from space 232960K, 63% used [0x96c80000,0x9fcff108,0xa5000000)
  to   space 232960K, 0% used [0xa5000000,0xa5000000,0xb3380000)
 ParOldGen       total 936704K, used 915528K [0x33380000, 0x6c640000, 0x888c0000)
  object space 936704K, 97% used [0x33380000,0x6b1920f0,0x6c640000)
 PSPermGen       total 16384K, used 4492K [0x2b380000, 0x2c380000, 0x33380000)
  object space 16384K, 27% used [0x2b380000,0x2b7e3050,0x2c380000)

