# JRE version: OpenJDK Runtime Environment (7.0_79-b14) (build 1.7.0_79-b14)
# Java VM: OpenJDK Server VM (24.79-b02 mixed mode linux-x86 )
Heap
 PSYoungGen      total 334848K, used 0K [0x88880000, 0xb2840000, 0xb3340000)
  eden space 233216K, 0% used [0x88880000,0x88880000,0x96c40000)
  from space 101632K, 0% used [0x96c40000,0x96c40000,0x9cf80000)
  to   space 227328K, 0% used [0xa4a40000,0xa4a40000,0xb2840000)
 ParOldGen       total 989184K, used 959953K [0x33340000, 0x6f940000, 0x88880000)
  object space 989184K, 97% used [0x33340000,0x6dcb4598,0x6f940000)
 PSPermGen       total 16384K, used 4579K [0x2b340000, 0x2c340000, 0x33340000)
  object space 16384K, 27% used [0x2b340000,0x2b7b8d70,0x2c340000)
GC Heap History (10 events):
Event: 29.293 GC heap after
Heap after GC invocations=37 (full 8):
 PSYoungGen      total 461824K, used 112754K [0x88880000, 0xb2080000, 0xb3340000)
  eden space 245248K, 0% used [0x88880000,0x88880000,0x97800000)
  from space 216576K, 52% used [0x97800000,0x9e61c9f0,0xa4b80000)
  to   space 212992K, 0% used [0xa5080000,0xa5080000,0xb2080000)
 ParOldGen       total 989184K, used 746018K [0x33340000, 0x6f940000, 0x88880000)
  object space 989184K, 75% used [0x33340000,0x60bc8a58,0x6f940000)
 PSPermGen       total 16384K, used 4414K [0x2b340000, 0x2c340000, 0x33340000)
  object space 16384K, 26% used [0x2b340000,0x2b78fbc0,0x2c340000)
}
Event: 29.808 GC heap before
{Heap before GC invocations=38 (full 8):
 PSYoungGen      total 461824K, used 358002K [0x88880000, 0xb2080000, 0xb3340000)
  eden space 245248K, 100% used [0x88880000,0x97800000,0x97800000)
  from space 216576K, 52% used [0x97800000,0x9e61c9f0,0xa4b80000)
  to   space 212992K, 0% used [0xa5080000,0xa5080000,0xb2080000)
 ParOldGen       total 989184K, used 746018K [0x33340000, 0x6f940000, 0x88880000)
  object space 989184K, 75% used [0x33340000,0x60bc8a58,0x6f940000)
 PSPermGen       total 16384K, used 4484K [0x2b340000, 0x2c340000, 0x33340000)
  object space 16384K, 27% used [0x2b340000,0x2b7a1368,0x2c340000)
Event: 30.027 GC heap after
Heap after GC invocations=38 (full 8):
 PSYoungGen      total 458496K, used 146085K [0x88880000, 0xb3340000, 0xb3340000)
  eden space 245504K, 0% used [0x88880000,0x88880000,0x97840000)
  from space 212992K, 68% used [0xa5080000,0xadf29460,0xb2080000)
  to   space 221440K, 0% used [0x97840000,0x97840000,0xa5080000)
 ParOldGen       total 989184K, used 746018K [0x33340000, 0x6f940000, 0x88880000)
  object space 989184K, 75% used [0x33340000,0x60bc8a58,0x6f940000)
 PSPermGen       total 16384K, used 4484K [0x2b340000, 0x2c340000, 0x33340000)
  object space 16384K, 27% used [0x2b340000,0x2b7a1368,0x2c340000)
}
Event: 30.423 GC heap before
{Heap before GC invocations=39 (full 8):
 PSYoungGen      total 458496K, used 391589K [0x88880000, 0xb3340000, 0xb3340000)
  eden space 245504K, 100% used [0x88880000,0x97840000,0x97840000)
  from space 212992K, 68% used [0xa5080000,0xadf29460,0xb2080000)
  to   space 221440K, 0% used [0x97840000,0x97840000,0xa5080000)
 ParOldGen       total 989184K, used 746018K [0x33340000, 0x6f940000, 0x88880000)
  object space 989184K, 75% used [0x33340000,0x60bc8a58,0x6f940000)
 PSPermGen       total 16384K, used 4491K [0x2b340000, 0x2c340000, 0x33340000)
  object space 16384K, 27% used [0x2b340000,0x2b7a2e20,0x2c340000)
Event: 30.633 GC heap after
Heap after GC invocations=39 (full 8):
 PSYoungGen      total 426240K, used 180482K [0x88880000, 0xb3340000, 0xb3340000)
  eden space 245504K, 0% used [0x88880000,0x88880000,0x97840000)
  from space 180736K, 99% used [0x97840000,0xa2880918,0xa28c0000)
  to   space 232960K, 0% used [0xa4fc0000,0xa4fc0000,0xb3340000)
 ParOldGen       total 989184K, used 746018K [0x33340000, 0x6f940000, 0x88880000)
  object space 989184K, 75% used [0x33340000,0x60bc8a58,0x6f940000)
 PSPermGen       total 16384K, used 4491K [0x2b340000, 0x2c340000, 0x33340000)
  object space 16384K, 27% used [0x2b340000,0x2b7a2e20,0x2c340000)
}
Event: 31.049 GC heap before
{Heap before GC invocations=40 (full 8):
 PSYoungGen      total 426240K, used 425986K [0x88880000, 0xb3340000, 0xb3340000)
  eden space 245504K, 100% used [0x88880000,0x97840000,0x97840000)
  from space 180736K, 99% used [0x97840000,0xa2880918,0xa28c0000)
  to   space 232960K, 0% used [0xa4fc0000,0xa4fc0000,0xb3340000)
 ParOldGen       total 989184K, used 746018K [0x33340000, 0x6f940000, 0x88880000)
  object space 989184K, 75% used [0x33340000,0x60bc8a58,0x6f940000)
 PSPermGen       total 16384K, used 4495K [0x2b340000, 0x2c340000, 0x33340000)
  object space 16384K, 27% used [0x2b340000,0x2b7a3c30,0x2c340000)
Event: 31.390 GC heap after
Heap after GC invocations=40 (full 8):
 PSYoungGen      total 466176K, used 138633K [0x88880000, 0xb3340000, 0xb3340000)
  eden space 233216K, 0% used [0x88880000,0x88880000,0x96c40000)
  from space 232960K, 59% used [0xa4fc0000,0xad7226c8,0xb3340000)
  to   space 232960K, 0% used [0x96c40000,0x96c40000,0xa4fc0000)
 ParOldGen       total 989184K, used 821578K [0x33340000, 0x6f940000, 0x88880000)
  object space 989184K, 83% used [0x33340000,0x65592b80,0x6f940000)
 PSPermGen       total 16384K, used 4495K [0x2b340000, 0x2c340000, 0x33340000)
  object space 16384K, 27% used [0x2b340000,0x2b7a3c30,0x2c340000)
}
Event: 31.812 GC heap before
{Heap before GC invocations=41 (full 8):
 PSYoungGen      total 466176K, used 371849K [0x88880000, 0xb3340000, 0xb3340000)
  eden space 233216K, 100% used [0x88880000,0x96c40000,0x96c40000)
  from space 232960K, 59% used [0xa4fc0000,0xad7226c8,0xb3340000)
  to   space 232960K, 0% used [0x96c40000,0x96c40000,0xa4fc0000)
 ParOldGen       total 989184K, used 821578K [0x33340000, 0x6f940000, 0x88880000)
  object space 989184K, 83% used [0x33340000,0x65592b80,0x6f940000)
 PSPermGen       total 16384K, used 4579K [0x2b340000, 0x2c340000, 0x33340000)
  object space 16384K, 27% used [0x2b340000,0x2b7b8f90,0x2c340000)
Event: 32.150 GC heap after
Heap after GC invocations=41 (full 8):
 PSYoungGen      total 334848K, used 101600K [0x88880000, 0xb2840000, 0xb3340000)
  eden space 233216K, 0% used [0x88880000,0x88880000,0x96c40000)
  from space 101632K, 99% used [0x96c40000,0x9cf783e0,0x9cf80000)
  to   space 227328K, 0% used [0xa4a40000,0xa4a40000,0xb2840000)
 ParOldGen       total 989184K, used 891668K [0x33340000, 0x6f940000, 0x88880000)
  object space 989184K, 90% used [0x33340000,0x69a05288,0x6f940000)
 PSPermGen       total 16384K, used 4579K [0x2b340000, 0x2c340000, 0x33340000)
  object space 16384K, 27% used [0x2b340000,0x2b7b8f90,0x2c340000)
}
Event: 32.150 GC heap before
{Heap before GC invocations=42 (full 9):
 PSYoungGen      total 334848K, used 101600K [0x88880000, 0xb2840000, 0xb3340000)
  eden space 233216K, 0% used [0x88880000,0x88880000,0x96c40000)
  from space 101632K, 99% used [0x96c40000,0x9cf783e0,0x9cf80000)
  to   space 227328K, 0% used [0xa4a40000,0xa4a40000,0xb2840000)
 ParOldGen       total 989184K, used 891668K [0x33340000, 0x6f940000, 0x88880000)
  object space 989184K, 90% used [0x33340000,0x69a05288,0x6f940000)
 PSPermGen       total 16384K, used 4579K [0x2b340000, 0x2c340000, 0x33340000)
  object space 16384K, 27% used [0x2b340000,0x2b7b8f90,0x2c340000)

